2025-02-10T00:00:48.231+03:00  WARN 48641 --- [CourierDistributionSystem] [HikariPool-5 housekeeper] com.zaxxer.hikari.pool.HikariPool        : HikariPool-5 - Thread starvation or clock leap detected (housekeeper delta=13m25s535ms).
2025-02-10T00:19:15.161+03:00  WARN 48641 --- [CourierDistributionSystem] [HikariPool-5 housekeeper] com.zaxxer.hikari.pool.HikariPool        : HikariPool-5 - Thread starvation or clock leap detected (housekeeper delta=15m56s603ms).
2025-02-10T00:20:55.018+03:00  INFO 48641 --- [CourierDistributionSystem] [MessageBroker-2] o.s.w.s.c.WebSocketMessageBrokerStats    : WebSocketSession[1 current WS(1)-HttpStream(0)-HttpPoll(0), 11 total, 0 closed abnormally (0 connect failure, 0 send limit, 9 transport error)], stompSubProtocol[processed CONNECT(11)-CONNECTED(11)-DISCONNECT(0)], stompBrokerRelay[null], inboundChannel[pool size = 0, active threads = 0, queued tasks = 0, completed tasks = 153], outboundChannel[pool size = 0, active threads = 0, queued tasks = 0, completed tasks = 21], sockJsScheduler[pool size = 8, active threads = 1, queued tasks = 2, completed tasks = 3907]
2025-02-10T00:20:57.349+03:00  WARN 48641 --- [CourierDistributionSystem] [HikariPool-5 housekeeper] com.zaxxer.hikari.pool.HikariPool        : HikariPool-5 - Thread starvation or clock leap detected (housekeeper delta=1m12s182ms).
2025-02-10T00:50:55.012+03:00  INFO 48641 --- [CourierDistributionSystem] [MessageBroker-5] o.s.w.s.c.WebSocketMessageBrokerStats    : WebSocketSession[1 current WS(1)-HttpStream(0)-HttpPoll(0), 11 total, 0 closed abnormally (0 connect failure, 0 send limit, 9 transport error)], stompSubProtocol[processed CONNECT(11)-CONNECTED(11)-DISCONNECT(0)], stompBrokerRelay[null], inboundChannel[pool size = 0, active threads = 0, queued tasks = 0, completed tasks = 153], outboundChannel[pool size = 0, active threads = 0, queued tasks = 0, completed tasks = 21], sockJsScheduler[pool size = 8, active threads = 1, queued tasks = 2, completed tasks = 4340]
2025-02-10T01:20:55.050+03:00  INFO 48641 --- [CourierDistributionSystem] [MessageBroker-1] o.s.w.s.c.WebSocketMessageBrokerStats    : WebSocketSession[0 current WS(0)-HttpStream(0)-HttpPoll(0), 11 total, 0 closed abnormally (0 connect failure, 0 send limit, 9 transport error)], stompSubProtocol[processed CONNECT(11)-CONNECTED(11)-DISCONNECT(0)], stompBrokerRelay[null], inboundChannel[pool size = 0, active threads = 0, queued tasks = 0, completed tasks = 156], outboundChannel[pool size = 0, active threads = 0, queued tasks = 0, completed tasks = 22], sockJsScheduler[pool size = 8, active threads = 1, queued tasks = 1, completed tasks = 4730]
2025-02-10T02:01:23.731+03:00  WARN 48641 --- [CourierDistributionSystem] [HikariPool-5 housekeeper] com.zaxxer.hikari.pool.HikariPool        : HikariPool-5 - Thread starvation or clock leap detected (housekeeper delta=15m55s711ms).
2025-02-10T02:17:19.138+03:00  WARN 48641 --- [CourierDistributionSystem] [HikariPool-5 housekeeper] com.zaxxer.hikari.pool.HikariPool        : HikariPool-5 - Thread starvation or clock leap detected (housekeeper delta=15m55s406ms).
2025-02-10T02:33:44.984+03:00  WARN 48641 --- [CourierDistributionSystem] [HikariPool-5 housekeeper] com.zaxxer.hikari.pool.HikariPool        : HikariPool-5 - Thread starvation or clock leap detected (housekeeper delta=15m55s816ms).
2025-02-10T02:49:40.720+03:00  WARN 48641 --- [CourierDistributionSystem] [HikariPool-5 housekeeper] com.zaxxer.hikari.pool.HikariPool        : HikariPool-5 - Thread starvation or clock leap detected (housekeeper delta=15m55s736ms).
2025-02-10T03:06:06.461+03:00  WARN 48641 --- [CourierDistributionSystem] [HikariPool-5 housekeeper] com.zaxxer.hikari.pool.HikariPool        : HikariPool-5 - Thread starvation or clock leap detected (housekeeper delta=15m55s727ms).
2025-02-10T03:22:01.364+03:00  WARN 48641 --- [CourierDistributionSystem] [HikariPool-5 housekeeper] com.zaxxer.hikari.pool.HikariPool        : HikariPool-5 - Thread starvation or clock leap detected (housekeeper delta=15m54s902ms).
2025-02-10T03:38:27.062+03:00  WARN 48641 --- [CourierDistributionSystem] [HikariPool-5 housekeeper] com.zaxxer.hikari.pool.HikariPool        : HikariPool-5 - Thread starvation or clock leap detected (housekeeper delta=15m55s688ms).
2025-02-10T03:46:02.644+03:00  INFO 48641 --- [CourierDistributionSystem] [MessageBroker-6] o.s.w.s.c.WebSocketMessageBrokerStats    : WebSocketSession[0 current WS(0)-HttpStream(0)-HttpPoll(0), 11 total, 0 closed abnormally (0 connect failure, 0 send limit, 9 transport error)], stompSubProtocol[processed CONNECT(11)-CONNECTED(11)-DISCONNECT(0)], stompBrokerRelay[null], inboundChannel[pool size = 0, active threads = 0, queued tasks = 0, completed tasks = 156], outboundChannel[pool size = 0, active threads = 0, queued tasks = 0, completed tasks = 22], sockJsScheduler[pool size = 8, active threads = 1, queued tasks = 1, completed tasks = 5091]
2025-02-10T03:46:05.683+03:00  WARN 48641 --- [CourierDistributionSystem] [HikariPool-5 housekeeper] com.zaxxer.hikari.pool.HikariPool        : HikariPool-5 - Thread starvation or clock leap detected (housekeeper delta=7m38s622ms).
2025-02-10T04:02:30.591+03:00  WARN 48641 --- [CourierDistributionSystem] [HikariPool-5 housekeeper] com.zaxxer.hikari.pool.HikariPool        : HikariPool-5 - Thread starvation or clock leap detected (housekeeper delta=15m54s902ms).
2025-02-10T04:18:26.360+03:00  WARN 48641 --- [CourierDistributionSystem] [HikariPool-5 housekeeper] com.zaxxer.hikari.pool.HikariPool        : HikariPool-5 - Thread starvation or clock leap detected (housekeeper delta=15m55s772ms).
2025-02-10T04:34:51.283+03:00  WARN 48641 --- [CourierDistributionSystem] [HikariPool-5 housekeeper] com.zaxxer.hikari.pool.HikariPool        : HikariPool-5 - Thread starvation or clock leap detected (housekeeper delta=15m54s920ms).
2025-02-10T04:47:04.305+03:00  WARN 48641 --- [CourierDistributionSystem] [HikariPool-5 housekeeper] com.zaxxer.hikari.pool.HikariPool        : HikariPool-5 - Thread starvation or clock leap detected (housekeeper delta=12m13s23ms).
2025-02-10T05:03:30.101+03:00  WARN 48641 --- [CourierDistributionSystem] [HikariPool-5 housekeeper] com.zaxxer.hikari.pool.HikariPool        : HikariPool-5 - Thread starvation or clock leap detected (housekeeper delta=15m55s791ms).
2025-02-10T05:19:25.808+03:00  WARN 48641 --- [CourierDistributionSystem] [HikariPool-5 housekeeper] com.zaxxer.hikari.pool.HikariPool        : HikariPool-5 - Thread starvation or clock leap detected (housekeeper delta=15m55s708ms).
2025-02-10T05:35:51.612+03:00  WARN 48641 --- [CourierDistributionSystem] [HikariPool-5 housekeeper] com.zaxxer.hikari.pool.HikariPool        : HikariPool-5 - Thread starvation or clock leap detected (housekeeper delta=15m55s789ms).
2025-02-10T05:48:12.809+03:00  WARN 48641 --- [CourierDistributionSystem] [HikariPool-5 housekeeper] com.zaxxer.hikari.pool.HikariPool        : HikariPool-5 - Thread starvation or clock leap detected (housekeeper delta=12m21s198ms).
2025-02-10T06:04:07.716+03:00  WARN 48641 --- [CourierDistributionSystem] [HikariPool-5 housekeeper] com.zaxxer.hikari.pool.HikariPool        : HikariPool-5 - Thread starvation or clock leap detected (housekeeper delta=15m54s905ms).
2025-02-10T06:20:32.642+03:00  WARN 48641 --- [CourierDistributionSystem] [HikariPool-5 housekeeper] com.zaxxer.hikari.pool.HikariPool        : HikariPool-5 - Thread starvation or clock leap detected (housekeeper delta=15m54s921ms).
2025-02-10T06:36:28.407+03:00  WARN 48641 --- [CourierDistributionSystem] [HikariPool-5 housekeeper] com.zaxxer.hikari.pool.HikariPool        : HikariPool-5 - Thread starvation or clock leap detected (housekeeper delta=15m55s765ms).
2025-02-10T06:49:13.385+03:00  WARN 48641 --- [CourierDistributionSystem] [HikariPool-5 housekeeper] com.zaxxer.hikari.pool.HikariPool        : HikariPool-5 - Thread starvation or clock leap detected (housekeeper delta=12m14s950ms).
2025-02-10T07:05:09.150+03:00  WARN 48641 --- [CourierDistributionSystem] [HikariPool-5 housekeeper] com.zaxxer.hikari.pool.HikariPool        : HikariPool-5 - Thread starvation or clock leap detected (housekeeper delta=15m55s765ms).
2025-02-10T07:21:34.876+03:00  WARN 48641 --- [CourierDistributionSystem] [HikariPool-5 housekeeper] com.zaxxer.hikari.pool.HikariPool        : HikariPool-5 - Thread starvation or clock leap detected (housekeeper delta=15m55s711ms).
2025-02-10T07:37:29.786+03:00  WARN 48641 --- [CourierDistributionSystem] [HikariPool-5 housekeeper] com.zaxxer.hikari.pool.HikariPool        : HikariPool-5 - Thread starvation or clock leap detected (housekeeper delta=15m54s912ms).
2025-02-10T07:50:19.599+03:00  WARN 48641 --- [CourierDistributionSystem] [HikariPool-5 housekeeper] com.zaxxer.hikari.pool.HikariPool        : HikariPool-5 - Thread starvation or clock leap detected (housekeeper delta=12m19s801ms).
2025-02-10T08:05:08.605+03:00  WARN 48641 --- [CourierDistributionSystem] [HikariPool-5 housekeeper] com.zaxxer.hikari.pool.HikariPool        : HikariPool-5 - Thread starvation or clock leap detected (housekeeper delta=14m49s4ms).
2025-02-10T08:10:16.601+03:00  INFO 48641 --- [CourierDistributionSystem] [SpringApplicationShutdownHook] org.springframework.web.SimpLogging      : Stopping...
2025-02-10T08:10:16.616+03:00  INFO 48641 --- [CourierDistributionSystem] [SpringApplicationShutdownHook] org.springframework.web.SimpLogging      : BrokerAvailabilityEvent[available=false, SimpleBrokerMessageHandler [org.springframework.messaging.simp.broker.DefaultSubscriptionRegistry@30c2a09c]]
2025-02-10T08:10:16.617+03:00  INFO 48641 --- [CourierDistributionSystem] [SpringApplicationShutdownHook] org.springframework.web.SimpLogging      : Stopped.
